0 info it worked if it ends with ok
1 verbose cli [ 'node', '/usr/local/bin/npm', 'install', '-g', 'grunt-cli' ]
2 info using npm@1.3.5
3 info using node@v0.10.15
4 verbose cache add [ 'grunt-cli', null ]
5 verbose cache add name=undefined spec="grunt-cli" args=["grunt-cli",null]
6 verbose parsed url { protocol: null,
6 verbose parsed url   slashes: null,
6 verbose parsed url   auth: null,
6 verbose parsed url   host: null,
6 verbose parsed url   port: null,
6 verbose parsed url   hostname: null,
6 verbose parsed url   hash: null,
6 verbose parsed url   search: null,
6 verbose parsed url   query: null,
6 verbose parsed url   pathname: 'grunt-cli',
6 verbose parsed url   path: 'grunt-cli',
6 verbose parsed url   href: 'grunt-cli' }
7 silly lockFile 671ef8ac-grunt-cli grunt-cli
8 verbose lock grunt-cli /Users/martinroed/.npm/671ef8ac-grunt-cli.lock
9 silly lockFile 671ef8ac-grunt-cli grunt-cli
10 verbose addNamed [ 'grunt-cli', '' ]
11 verbose addNamed [ null, '*' ]
12 silly lockFile d63f3d0b-grunt-cli grunt-cli@
13 verbose lock grunt-cli@ /Users/martinroed/.npm/d63f3d0b-grunt-cli.lock
14 silly lockFile d63f3d0b-grunt-cli grunt-cli@
15 error Error: EACCES, open '/Users/martinroed/.npm/d63f3d0b-grunt-cli.lock'
15 error  { [Error: EACCES, open '/Users/martinroed/.npm/d63f3d0b-grunt-cli.lock']
15 error   errno: 3,
15 error   code: 'EACCES',
15 error   path: '/Users/martinroed/.npm/d63f3d0b-grunt-cli.lock' }
16 error Please try running this command again as root/Administrator.
17 error System Darwin 13.0.0
18 error command "node" "/usr/local/bin/npm" "install" "-g" "grunt-cli"
19 error cwd /Users/martinroed/Documents/django_web/reader/reader
20 error node -v v0.10.15
21 error npm -v 1.3.5
22 error path /Users/martinroed/.npm/d63f3d0b-grunt-cli.lock
23 error code EACCES
24 error errno 3
25 error stack Error: EACCES, open '/Users/martinroed/.npm/d63f3d0b-grunt-cli.lock'
26 verbose exit [ 3, true ]
